# JRE version: OpenJDK Runtime Environment (11.0.10) (build 11.0.10+0-b96-7249189)
# Java VM: OpenJDK 64-Bit Server VM (11.0.10+0-b96-7249189, mixed mode, tiered, compressed oops, g1 gc, windows-amd64)
Heap:
 garbage-first heap   total 1047552K, used 225716K [0x0000000080000000, 0x0000000100000000)
  region size 1024K, 4 young (4096K), 4 survivors (4096K)
 Metaspace       used 123329K, capacity 127164K, committed 127308K, reserved 1159168K
  class space    used 15993K, capacity 17437K, committed 17536K, reserved 1048576K
GC Heap History (20 events):
Event: 645.821 GC heap after
{Heap after GC invocations=52 (full 0):
 garbage-first heap   total 236544K, used 196446K [0x0000000080000000, 0x0000000100000000)
  region size 1024K, 2 young (2048K), 2 survivors (2048K)
 Metaspace       used 122664K, capacity 126514K, committed 126668K, reserved 1159168K
  class space    used 15953K, capacity 17394K, committed 17408K, reserved 1048576K
}
Event: 645.936 GC heap before
{Heap before GC invocations=52 (full 0):
 garbage-first heap   total 236544K, used 205662K [0x0000000080000000, 0x0000000100000000)
  region size 1024K, 11 young (11264K), 2 survivors (2048K)
 Metaspace       used 122665K, capacity 126514K, committed 126668K, reserved 1159168K
  class space    used 15953K, capacity 17394K, committed 17408K, reserved 1048576K
}
Event: 645.947 GC heap after
{Heap after GC invocations=53 (full 0):
 garbage-first heap   total 236544K, used 201366K [0x0000000080000000, 0x0000000100000000)
  region size 1024K, 2 young (2048K), 2 survivors (2048K)
 Metaspace       used 122665K, capacity 126514K, committed 126668K, reserved 1159168K
  class space    used 15953K, capacity 17394K, committed 17408K, reserved 1048576K
}
Event: 646.160 GC heap before
{Heap before GC invocations=53 (full 0):
 garbage-first heap   total 236544K, used 210582K [0x0000000080000000, 0x0000000100000000)
  region size 1024K, 11 young (11264K), 2 survivors (2048K)
 Metaspace       used 122567K, capacity 126351K, committed 126668K, reserved 1159168K
  class space    used 15920K, capacity 17337K, committed 17408K, reserved 1048576K
}
Event: 646.176 GC heap after
{Heap after GC invocations=54 (full 0):
 garbage-first heap   total 236544K, used 206558K [0x0000000080000000, 0x0000000100000000)
  region size 1024K, 2 young (2048K), 2 survivors (2048K)
 Metaspace       used 122567K, capacity 126351K, committed 126668K, reserved 1159168K
  class space    used 15920K, capacity 17337K, committed 17408K, reserved 1048576K
}
Event: 646.337 GC heap before
{Heap before GC invocations=55 (full 0):
 garbage-first heap   total 236544K, used 215774K [0x0000000080000000, 0x0000000100000000)
  region size 1024K, 11 young (11264K), 2 survivors (2048K)
 Metaspace       used 122739K, capacity 126513K, committed 126668K, reserved 1159168K
  class space    used 15930K, capacity 17342K, committed 17408K, reserved 1048576K
}
Event: 646.357 GC heap after
{Heap after GC invocations=56 (full 0):
 garbage-first heap   total 236544K, used 209920K [0x0000000080000000, 0x0000000100000000)
  region size 1024K, 2 young (2048K), 2 survivors (2048K)
 Metaspace       used 122739K, capacity 126513K, committed 126668K, reserved 1159168K
  class space    used 15930K, capacity 17342K, committed 17408K, reserved 1048576K
}
Event: 646.469 GC heap before
{Heap before GC invocations=56 (full 0):
 garbage-first heap   total 236544K, used 218112K [0x0000000080000000, 0x0000000100000000)
  region size 1024K, 11 young (11264K), 2 survivors (2048K)
 Metaspace       used 122962K, capacity 126822K, committed 127052K, reserved 1159168K
  class space    used 15983K, capacity 17424K, committed 17536K, reserved 1048576K
}
Event: 646.510 GC heap after
{Heap after GC invocations=57 (full 0):
 garbage-first heap   total 236544K, used 206451K [0x0000000080000000, 0x0000000100000000)
  region size 1024K, 2 young (2048K), 2 survivors (2048K)
 Metaspace       used 122962K, capacity 126822K, committed 127052K, reserved 1159168K
  class space    used 15983K, capacity 17424K, committed 17536K, reserved 1048576K
}
Event: 646.605 GC heap before
{Heap before GC invocations=57 (full 0):
 garbage-first heap   total 236544K, used 215667K [0x0000000080000000, 0x0000000100000000)
  region size 1024K, 11 young (11264K), 2 survivors (2048K)
 Metaspace       used 122986K, capacity 126891K, committed 127052K, reserved 1159168K
  class space    used 15983K, capacity 17424K, committed 17536K, reserved 1048576K
}
Event: 646.619 GC heap after
{Heap after GC invocations=58 (full 0):
 garbage-first heap   total 236544K, used 208232K [0x0000000080000000, 0x0000000100000000)
  region size 1024K, 2 young (2048K), 2 survivors (2048K)
 Metaspace       used 122986K, capacity 126891K, committed 127052K, reserved 1159168K
  class space    used 15983K, capacity 17424K, committed 17536K, reserved 1048576K
}
Event: 646.819 GC heap before
{Heap before GC invocations=58 (full 0):
 garbage-first heap   total 236544K, used 217448K [0x0000000080000000, 0x0000000100000000)
  region size 1024K, 11 young (11264K), 2 survivors (2048K)
 Metaspace       used 123039K, capacity 126910K, committed 127052K, reserved 1159168K
  class space    used 15987K, capacity 17428K, committed 17536K, reserved 1048576K
}
Event: 646.833 GC heap after
{Heap after GC invocations=59 (full 0):
 garbage-first heap   total 349184K, used 209984K [0x0000000080000000, 0x0000000100000000)
  region size 1024K, 2 young (2048K), 2 survivors (2048K)
 Metaspace       used 123039K, capacity 126910K, committed 127052K, reserved 1159168K
  class space    used 15987K, capacity 17428K, committed 17536K, reserved 1048576K
}
Event: 647.941 GC heap before
{Heap before GC invocations=60 (full 0):
 garbage-first heap   total 349184K, used 251968K [0x0000000080000000, 0x0000000100000000)
  region size 1024K, 47 young (48128K), 2 survivors (2048K)
 Metaspace       used 123176K, capacity 127068K, committed 127308K, reserved 1159168K
  class space    used 15990K, capacity 17432K, committed 17536K, reserved 1048576K
}
Event: 647.964 GC heap after
{Heap after GC invocations=61 (full 0):
 garbage-first heap   total 349184K, used 209683K [0x0000000080000000, 0x0000000100000000)
  region size 1024K, 6 young (6144K), 6 survivors (6144K)
 Metaspace       used 123176K, capacity 127068K, committed 127308K, reserved 1159168K
  class space    used 15990K, capacity 17432K, committed 17536K, reserved 1048576K
}
Event: 648.309 GC heap before
{Heap before GC invocations=61 (full 0):
 garbage-first heap   total 349184K, used 226067K [0x0000000080000000, 0x0000000100000000)
  region size 1024K, 17 young (17408K), 6 survivors (6144K)
 Metaspace       used 123243K, capacity 127139K, committed 127308K, reserved 1159168K
  class space    used 15990K, capacity 17432K, committed 17536K, reserved 1048576K
}
Event: 648.719 GC heap after
{Heap after GC invocations=62 (full 0):
 garbage-first heap   total 349184K, used 212137K [0x0000000080000000, 0x0000000100000000)
  region size 1024K, 2 young (2048K), 2 survivors (2048K)
 Metaspace       used 123243K, capacity 127139K, committed 127308K, reserved 1159168K
  class space    used 15990K, capacity 17432K, committed 17536K, reserved 1048576K
}
Event: 649.140 GC heap before
{Heap before GC invocations=62 (full 0):
 garbage-first heap   total 349184K, used 233641K [0x0000000080000000, 0x0000000100000000)
  region size 1024K, 23 young (23552K), 2 survivors (2048K)
 Metaspace       used 123281K, capacity 127155K, committed 127308K, reserved 1159168K
  class space    used 15993K, capacity 17437K, committed 17536K, reserved 1048576K
}
Event: 649.150 GC heap after
{Heap after GC invocations=63 (full 0):
 garbage-first heap   total 349184K, used 215680K [0x0000000080000000, 0x0000000100000000)
  region size 1024K, 3 young (3072K), 3 survivors (3072K)
 Metaspace       used 123281K, capacity 127155K, committed 127308K, reserved 1159168K
  class space    used 15993K, capacity 17437K, committed 17536K, reserved 1048576K
}
Event: 649.371 GC heap before
{Heap before GC invocations=63 (full 0):
 garbage-first heap   total 349184K, used 251520K [0x0000000080000000, 0x0000000100000000)
  region size 1024K, 32 young (32768K), 3 survivors (3072K)
 Metaspace       used 123329K, capacity 127164K, committed 127308K, reserved 1159168K
  class space    used 15993K, capacity 17437K, committed 17536K, reserved 1048576K
}

